<?xml version="1.0" encoding="UTF-8"?>
<!-- Generated by org.testng.reporters.JUnitXMLReporter -->
<testsuite ignored="0" hostname="Apples-MacBook-Pro.local" failures="6" tests="6" name="Test" time="21.242" errors="0" timestamp="2025-01-26T16:57:19 IST">
  <testcase classname="testcases_Android.Verify_UserLogin_Android" name="@AfterTest quitDriver" time="0.003">
    <failure type="java.lang.NullPointerException" message="Cannot invoke &amp;quot;com.aventstack.extentreports.ExtentTest.log(com.aventstack.extentreports.Status, String)&amp;quot; because the return value of &amp;quot;java.lang.ThreadLocal.get()&amp;quot; is null">
      <![CDATA[java.lang.NullPointerException: Cannot invoke "com.aventstack.extentreports.ExtentTest.log(com.aventstack.extentreports.Status, String)" because the return value of "java.lang.ThreadLocal.get()" is null
at testcases_Android.Verify_UserLogin_Android.quitDriver(Verify_UserLogin_Android.java:80)
... Removed 24 stack frames]]>
    </failure>
  </testcase> <!-- @AfterTest quitDriver -->
  <testcase classname="testcases_Android.Verify_UserLogin_Android" name="setupApp" time="21.191">
    <failure type="java.lang.NullPointerException" message="Cannot invoke &amp;quot;com.aventstack.extentreports.ExtentTest.log(com.aventstack.extentreports.Status, String)&amp;quot; because the return value of &amp;quot;java.lang.ThreadLocal.get()&amp;quot; is null">
      <![CDATA[java.lang.NullPointerException: Cannot invoke "com.aventstack.extentreports.ExtentTest.log(com.aventstack.extentreports.Status, String)" because the return value of "java.lang.ThreadLocal.get()" is null
at testcases_Android.Verify_UserLogin_Android.setupApp(Verify_UserLogin_Android.java:29)
at java.base/java.util.ArrayList.forEach(ArrayList.java:1511)
... Removed 27 stack frames]]>
    </failure>
  </testcase> <!-- setupApp -->
  <testcase classname="testcases_Android.Verify_UserLogin_Android" name="GetAppLaunch" time="0.001">
    <failure type="java.lang.NullPointerException" message="Cannot invoke &amp;quot;applicationPages.LoginPage_Android.Android_credential()&amp;quot; because &amp;quot;this.login&amp;quot; is null">
      <![CDATA[java.lang.NullPointerException: Cannot invoke "applicationPages.LoginPage_Android.Android_credential()" because "this.login" is null
at testcases_Android.Verify_UserLogin_Android.GetAppLaunch(Verify_UserLogin_Android.java:39)
at java.base/java.util.ArrayList.forEach(ArrayList.java:1511)
... Removed 27 stack frames]]>
    </failure>
  </testcase> <!-- GetAppLaunch -->
  <testcase classname="testcases_Android.Verify_UserLogin_Android" name="Clickoncontinue" time="0.001">
    <failure type="java.lang.NullPointerException" message="Cannot invoke &amp;quot;applicationPages.LoginPage_Android.Continue_button()&amp;quot; because &amp;quot;this.login&amp;quot; is null">
      <![CDATA[java.lang.NullPointerException: Cannot invoke "applicationPages.LoginPage_Android.Continue_button()" because "this.login" is null
at testcases_Android.Verify_UserLogin_Android.Clickoncontinue(Verify_UserLogin_Android.java:48)
at java.base/java.util.ArrayList.forEach(ArrayList.java:1511)
... Removed 27 stack frames]]>
    </failure>
  </testcase> <!-- Clickoncontinue -->
  <testcase classname="testcases_Android.Verify_UserLogin_Android" name="LocationAllowradiobutton" time="0.001">
    <failure type="java.lang.NullPointerException" message="Cannot invoke &amp;quot;applicationPages.LoginPage_Android.Location_Allow_button()&amp;quot; because &amp;quot;this.login&amp;quot; is null">
      <![CDATA[java.lang.NullPointerException: Cannot invoke "applicationPages.LoginPage_Android.Location_Allow_button()" because "this.login" is null
at testcases_Android.Verify_UserLogin_Android.LocationAllowradiobutton(Verify_UserLogin_Android.java:56)
at java.base/java.util.ArrayList.forEach(ArrayList.java:1511)
... Removed 27 stack frames]]>
    </failure>
  </testcase> <!-- LocationAllowradiobutton -->
  <testcase classname="testcases_Android.Verify_UserLogin_Android" name="ClickonAlwaysallowlocation" time="0.001">
    <failure type="java.lang.NullPointerException" message="Cannot invoke &amp;quot;applicationPages.LoginPage_Android.Allow_always_button()&amp;quot; because &amp;quot;this.login&amp;quot; is null">
      <![CDATA[java.lang.NullPointerException: Cannot invoke "applicationPages.LoginPage_Android.Allow_always_button()" because "this.login" is null
at testcases_Android.Verify_UserLogin_Android.ClickonAlwaysallowlocation(Verify_UserLogin_Android.java:64)
at java.base/java.util.ArrayList.forEach(ArrayList.java:1511)
... Removed 27 stack frames]]>
    </failure>
  </testcase> <!-- ClickonAlwaysallowlocation -->
  <testcase classname="testcases_Android.Verify_UserLogin_Android" name="Clickonback" time="0.001">
    <failure type="java.lang.NullPointerException" message="Cannot invoke &amp;quot;applicationPages.LoginPage_Android.Back_button()&amp;quot; because &amp;quot;this.login&amp;quot; is null">
      <![CDATA[java.lang.NullPointerException: Cannot invoke "applicationPages.LoginPage_Android.Back_button()" because "this.login" is null
at testcases_Android.Verify_UserLogin_Android.Clickonback(Verify_UserLogin_Android.java:72)
at java.base/java.util.ArrayList.forEach(ArrayList.java:1511)
... Removed 27 stack frames]]>
    </failure>
  </testcase> <!-- Clickonback -->
</testsuite> <!-- Test -->
